{"/home/yanick/work/aotds/battle/src/actions.js": {"path":"/home/yanick/work/aotds/battle/src/actions.js","statementMap":{"0":{"start":{"line":4,"column":15},"end":{"line":4,"column":29}},"1":{"start":{"line":6,"column":0},"end":{"line":11,"column":4}},"2":{"start":{"line":13,"column":0},"end":{"line":35,"column":2}},"3":{"start":{"line":14,"column":27},"end":{"line":14,"column":48}},"4":{"start":{"line":37,"column":0},"end":{"line":37,"column":32}},"5":{"start":{"line":38,"column":0},"end":{"line":38,"column":37}},"6":{"start":{"line":39,"column":0},"end":{"line":41,"column":4}},"7":{"start":{"line":39,"column":44},"end":{"line":39,"column":57}},"8":{"start":{"line":42,"column":0},"end":{"line":45,"column":4}},"9":{"start":{"line":42,"column":63},"end":{"line":42,"column":88}},"10":{"start":{"line":47,"column":0},"end":{"line":47,"column":72}},"11":{"start":{"line":47,"column":52},"end":{"line":47,"column":68}},"12":{"start":{"line":48,"column":0},"end":{"line":48,"column":30}},"13":{"start":{"line":49,"column":0},"end":{"line":49,"column":32}}},"fnMap":{"0":{"name":"(anonymous_0)","decl":{"start":{"line":14,"column":4},"end":{"line":14,"column":5}},"loc":{"start":{"line":14,"column":27},"end":{"line":14,"column":48}},"line":14},"1":{"name":"(anonymous_1)","decl":{"start":{"line":39,"column":30},"end":{"line":39,"column":31}},"loc":{"start":{"line":39,"column":44},"end":{"line":39,"column":57}},"line":39},"2":{"name":"(anonymous_2)","decl":{"start":{"line":42,"column":36},"end":{"line":42,"column":37}},"loc":{"start":{"line":42,"column":63},"end":{"line":42,"column":88}},"line":42},"3":{"name":"(anonymous_3)","decl":{"start":{"line":47,"column":28},"end":{"line":47,"column":29}},"loc":{"start":{"line":47,"column":50},"end":{"line":47,"column":69}},"line":47}},"branchMap":{"0":{"loc":{"start":{"line":47,"column":37},"end":{"line":47,"column":48}},"type":"default-arg","locations":[{"start":{"line":47,"column":43},"end":{"line":47,"column":48}}],"line":47}},"s":{"0":1,"1":1,"2":1,"3":0,"4":1,"5":1,"6":1,"7":0,"8":1,"9":0,"10":1,"11":0,"12":1,"13":1},"f":{"0":0,"1":0,"2":0,"3":0},"b":{"0":[0]},"_coverageSchema":"332fd63041d2c1bcb487cc26dd0d5f7d97098a6c","hash":"b671f5b8468aeb1a0867156728d6898ee57cc5c2"}
,"/home/yanick/work/aotds/battle/src/index.js": {"path":"/home/yanick/work/aotds/battle/src/index.js","statementMap":{"0":{"start":{"line":13,"column":14},"end":{"line":13,"column":46}},"1":{"start":{"line":15,"column":14},"end":{"line":15,"column":27}},"2":{"start":{"line":21,"column":8},"end":{"line":25,"column":10}},"3":{"start":{"line":27,"column":8},"end":{"line":32,"column":11}},"4":{"start":{"line":28,"column":12},"end":{"line":31,"column":13}},"5":{"start":{"line":36,"column":18},"end":{"line":36,"column":46}},"6":{"start":{"line":39,"column":8},"end":{"line":39,"column":43}},"7":{"start":{"line":43,"column":8},"end":{"line":43,"column":63}},"8":{"start":{"line":47,"column":8},"end":{"line":47,"column":68}},"9":{"start":{"line":51,"column":8},"end":{"line":51,"column":60}}},"fnMap":{"0":{"name":"(anonymous_0)","decl":{"start":{"line":19,"column":4},"end":{"line":19,"column":5}},"loc":{"start":{"line":19,"column":30},"end":{"line":34,"column":5}},"line":19},"1":{"name":"(anonymous_1)","decl":{"start":{"line":27,"column":30},"end":{"line":27,"column":31}},"loc":{"start":{"line":27,"column":36},"end":{"line":32,"column":9}},"line":27},"2":{"name":"(anonymous_2)","decl":{"start":{"line":36,"column":4},"end":{"line":36,"column":5}},"loc":{"start":{"line":36,"column":16},"end":{"line":36,"column":48}},"line":36},"3":{"name":"(anonymous_3)","decl":{"start":{"line":38,"column":4},"end":{"line":38,"column":5}},"loc":{"start":{"line":38,"column":23},"end":{"line":40,"column":5}},"line":38},"4":{"name":"(anonymous_4)","decl":{"start":{"line":42,"column":4},"end":{"line":42,"column":5}},"loc":{"start":{"line":42,"column":25},"end":{"line":44,"column":5}},"line":42},"5":{"name":"(anonymous_5)","decl":{"start":{"line":46,"column":4},"end":{"line":46,"column":5}},"loc":{"start":{"line":46,"column":31},"end":{"line":48,"column":5}},"line":46},"6":{"name":"(anonymous_6)","decl":{"start":{"line":50,"column":4},"end":{"line":50,"column":5}},"loc":{"start":{"line":50,"column":29},"end":{"line":52,"column":5}},"line":50}},"branchMap":{"0":{"loc":{"start":{"line":19,"column":17},"end":{"line":19,"column":27}},"type":"default-arg","locations":[{"start":{"line":19,"column":25},"end":{"line":19,"column":27}}],"line":19},"1":{"loc":{"start":{"line":50,"column":14},"end":{"line":50,"column":27}},"type":"default-arg","locations":[{"start":{"line":50,"column":22},"end":{"line":50,"column":27}}],"line":50}},"s":{"0":1,"1":1,"2":1,"3":1,"4":0,"5":0,"6":0,"7":0,"8":0,"9":0},"f":{"0":1,"1":0,"2":0,"3":0,"4":0,"5":0,"6":0},"b":{"0":[0],"1":[0]},"_coverageSchema":"332fd63041d2c1bcb487cc26dd0d5f7d97098a6c","hash":"4b679923b103d0989c3b0d0052bd6336a3724b1e"}
,"/home/yanick/work/aotds/battle/src/schemas.js": {"path":"/home/yanick/work/aotds/battle/src/schemas.js","statementMap":{"0":{"start":{"line":1,"column":12},"end":{"line":1,"column":26}},"1":{"start":{"line":2,"column":14},"end":{"line":2,"column":54}},"2":{"start":{"line":8,"column":8},"end":{"line":8,"column":35}},"3":{"start":{"line":9,"column":8},"end":{"line":9,"column":57}},"4":{"start":{"line":10,"column":8},"end":{"line":10,"column":59}},"5":{"start":{"line":16,"column":8},"end":{"line":20,"column":11}},"6":{"start":{"line":22,"column":8},"end":{"line":22,"column":70}},"7":{"start":{"line":24,"column":8},"end":{"line":25,"column":66}},"8":{"start":{"line":25,"column":12},"end":{"line":25,"column":65}},"9":{"start":{"line":25,"column":40},"end":{"line":25,"column":63}},"10":{"start":{"line":27,"column":8},"end":{"line":27,"column":35}},"11":{"start":{"line":28,"column":8},"end":{"line":28,"column":45}},"12":{"start":{"line":30,"column":8},"end":{"line":32,"column":10}},"13":{"start":{"line":33,"column":8},"end":{"line":35,"column":10}},"14":{"start":{"line":39,"column":8},"end":{"line":39,"column":46}},"15":{"start":{"line":40,"column":18},"end":{"line":40,"column":52}},"16":{"start":{"line":41,"column":8},"end":{"line":41,"column":67}},"17":{"start":{"line":42,"column":8},"end":{"line":42,"column":19}},"18":{"start":{"line":46,"column":8},"end":{"line":74,"column":9}},"19":{"start":{"line":47,"column":27},"end":{"line":47,"column":68}},"20":{"start":{"line":49,"column":12},"end":{"line":49,"column":43}},"21":{"start":{"line":49,"column":36},"end":{"line":49,"column":43}},"22":{"start":{"line":52,"column":12},"end":{"line":54,"column":13}},"23":{"start":{"line":53,"column":16},"end":{"line":53,"column":36}},"24":{"start":{"line":57,"column":24},"end":{"line":60,"column":13}},"25":{"start":{"line":61,"column":12},"end":{"line":61,"column":53}},"26":{"start":{"line":63,"column":12},"end":{"line":67,"column":13}},"27":{"start":{"line":64,"column":16},"end":{"line":66,"column":21}},"28":{"start":{"line":65,"column":20},"end":{"line":65,"column":31}},"29":{"start":{"line":69,"column":12},"end":{"line":70,"column":41}},"30":{"start":{"line":73,"column":12},"end":{"line":73,"column":20}},"31":{"start":{"line":78,"column":21},"end":{"line":78,"column":25}},"32":{"start":{"line":80,"column":8},"end":{"line":82,"column":9}},"33":{"start":{"line":81,"column":12},"end":{"line":81,"column":52}},"34":{"start":{"line":84,"column":8},"end":{"line":84,"column":30}},"35":{"start":{"line":85,"column":8},"end":{"line":85,"column":31}},"36":{"start":{"line":86,"column":8},"end":{"line":86,"column":32}},"37":{"start":{"line":88,"column":8},"end":{"line":104,"column":10}},"38":{"start":{"line":88,"column":20},"end":{"line":104,"column":9}},"39":{"start":{"line":89,"column":12},"end":{"line":93,"column":13}},"40":{"start":{"line":90,"column":16},"end":{"line":92,"column":20}},"41":{"start":{"line":95,"column":25},"end":{"line":95,"column":35}},"42":{"start":{"line":97,"column":12},"end":{"line":101,"column":13}},"43":{"start":{"line":98,"column":16},"end":{"line":100,"column":53}},"44":{"start":{"line":100,"column":34},"end":{"line":100,"column":48}},"45":{"start":{"line":103,"column":12},"end":{"line":103,"column":26}}},"fnMap":{"0":{"name":"(anonymous_0)","decl":{"start":{"line":7,"column":4},"end":{"line":7,"column":5}},"loc":{"start":{"line":7,"column":25},"end":{"line":11,"column":5}},"line":7},"1":{"name":"(anonymous_1)","decl":{"start":{"line":15,"column":4},"end":{"line":15,"column":5}},"loc":{"start":{"line":15,"column":28},"end":{"line":36,"column":5}},"line":15},"2":{"name":"(anonymous_2)","decl":{"start":{"line":24,"column":27},"end":{"line":24,"column":28}},"loc":{"start":{"line":25,"column":12},"end":{"line":25,"column":65}},"line":25},"3":{"name":"(anonymous_3)","decl":{"start":{"line":25,"column":34},"end":{"line":25,"column":35}},"loc":{"start":{"line":25,"column":40},"end":{"line":25,"column":63}},"line":25},"4":{"name":"(anonymous_4)","decl":{"start":{"line":38,"column":4},"end":{"line":38,"column":5}},"loc":{"start":{"line":38,"column":29},"end":{"line":43,"column":5}},"line":38},"5":{"name":"(anonymous_5)","decl":{"start":{"line":45,"column":4},"end":{"line":45,"column":5}},"loc":{"start":{"line":45,"column":39},"end":{"line":75,"column":5}},"line":45},"6":{"name":"(anonymous_6)","decl":{"start":{"line":64,"column":27},"end":{"line":64,"column":28}},"loc":{"start":{"line":64,"column":33},"end":{"line":66,"column":17}},"line":64},"7":{"name":"(anonymous_7)","decl":{"start":{"line":77,"column":4},"end":{"line":77,"column":5}},"loc":{"start":{"line":77,"column":35},"end":{"line":105,"column":5}},"line":77},"8":{"name":"(anonymous_8)","decl":{"start":{"line":88,"column":15},"end":{"line":88,"column":16}},"loc":{"start":{"line":88,"column":20},"end":{"line":104,"column":9}},"line":88},"9":{"name":"(anonymous_9)","decl":{"start":{"line":88,"column":20},"end":{"line":88,"column":21}},"loc":{"start":{"line":88,"column":38},"end":{"line":104,"column":9}},"line":88},"10":{"name":"(anonymous_10)","decl":{"start":{"line":100,"column":27},"end":{"line":100,"column":28}},"loc":{"start":{"line":100,"column":32},"end":{"line":100,"column":50}},"line":100}},"branchMap":{"0":{"loc":{"start":{"line":15,"column":16},"end":{"line":15,"column":26}},"type":"default-arg","locations":[{"start":{"line":15,"column":24},"end":{"line":15,"column":26}}],"line":15},"1":{"loc":{"start":{"line":49,"column":12},"end":{"line":49,"column":43}},"type":"if","locations":[{"start":{"line":49,"column":12},"end":{"line":49,"column":43}},{"start":{"line":49,"column":12},"end":{"line":49,"column":43}}],"line":49},"2":{"loc":{"start":{"line":52,"column":12},"end":{"line":54,"column":13}},"type":"if","locations":[{"start":{"line":52,"column":12},"end":{"line":54,"column":13}},{"start":{"line":52,"column":12},"end":{"line":54,"column":13}}],"line":52},"3":{"loc":{"start":{"line":63,"column":12},"end":{"line":67,"column":13}},"type":"if","locations":[{"start":{"line":63,"column":12},"end":{"line":67,"column":13}},{"start":{"line":63,"column":12},"end":{"line":67,"column":13}}],"line":63},"4":{"loc":{"start":{"line":80,"column":8},"end":{"line":82,"column":9}},"type":"if","locations":[{"start":{"line":80,"column":8},"end":{"line":82,"column":9}},{"start":{"line":80,"column":8},"end":{"line":82,"column":9}}],"line":80},"5":{"loc":{"start":{"line":89,"column":12},"end":{"line":93,"column":13}},"type":"if","locations":[{"start":{"line":89,"column":12},"end":{"line":93,"column":13}},{"start":{"line":89,"column":12},"end":{"line":93,"column":13}}],"line":89},"6":{"loc":{"start":{"line":97,"column":12},"end":{"line":101,"column":13}},"type":"if","locations":[{"start":{"line":97,"column":12},"end":{"line":101,"column":13}},{"start":{"line":97,"column":12},"end":{"line":101,"column":13}}],"line":97}},"s":{"0":1,"1":1,"2":0,"3":0,"4":0,"5":1,"6":1,"7":1,"8":0,"9":0,"10":1,"11":1,"12":1,"13":1,"14":0,"15":0,"16":0,"17":0,"18":0,"19":0,"20":0,"21":0,"22":0,"23":0,"24":0,"25":0,"26":0,"27":0,"28":0,"29":0,"30":0,"31":0,"32":0,"33":0,"34":0,"35":0,"36":0,"37":0,"38":0,"39":0,"40":0,"41":0,"42":0,"43":0,"44":0,"45":0},"f":{"0":0,"1":1,"2":0,"3":0,"4":0,"5":0,"6":0,"7":0,"8":0,"9":0,"10":0},"b":{"0":[1],"1":[0,0],"2":[0,0],"3":[0,0],"4":[0,0],"5":[0,0],"6":[0,0]},"_coverageSchema":"332fd63041d2c1bcb487cc26dd0d5f7d97098a6c","hash":"6456b29c14ced19c8edee6cf4144cde725a9e3da"}
,"/home/yanick/work/aotds/battle/src/middlewares/index.js": {"path":"/home/yanick/work/aotds/battle/src/middlewares/index.js","statementMap":{"0":{"start":{"line":4,"column":18},"end":{"line":4,"column":20}},"1":{"start":{"line":12,"column":4},"end":{"line":20,"column":6}},"2":{"start":{"line":12,"column":20},"end":{"line":20,"column":5}},"3":{"start":{"line":12,"column":28},"end":{"line":20,"column":5}},"4":{"start":{"line":13,"column":19},"end":{"line":13,"column":23}},"5":{"start":{"line":15,"column":8},"end":{"line":17,"column":9}},"6":{"start":{"line":16,"column":12},"end":{"line":16,"column":38}},"7":{"start":{"line":19,"column":8},"end":{"line":19,"column":28}},"8":{"start":{"line":25,"column":14},"end":{"line":25,"column":42}},"9":{"start":{"line":28,"column":30},"end":{"line":38,"column":2}},"10":{"start":{"line":29,"column":30},"end":{"line":38,"column":1}},"11":{"start":{"line":29,"column":38},"end":{"line":38,"column":1}},"12":{"start":{"line":31,"column":21},"end":{"line":31,"column":69}},"13":{"start":{"line":33,"column":8},"end":{"line":37,"column":9}},"14":{"start":{"line":49,"column":18},"end":{"line":63,"column":2}},"15":{"start":{"line":50,"column":30},"end":{"line":63,"column":1}},"16":{"start":{"line":50,"column":38},"end":{"line":63,"column":1}},"17":{"start":{"line":52,"column":4},"end":{"line":52,"column":39}},"18":{"start":{"line":54,"column":4},"end":{"line":58,"column":5}},"19":{"start":{"line":57,"column":8},"end":{"line":57,"column":15}},"20":{"start":{"line":60,"column":4},"end":{"line":60,"column":16}},"21":{"start":{"line":61,"column":4},"end":{"line":61,"column":37}},"22":{"start":{"line":62,"column":4},"end":{"line":62,"column":37}},"23":{"start":{"line":66,"column":31},"end":{"line":72,"column":2}},"24":{"start":{"line":67,"column":32},"end":{"line":72,"column":1}},"25":{"start":{"line":67,"column":40},"end":{"line":72,"column":1}},"26":{"start":{"line":68,"column":8},"end":{"line":68,"column":21}},"27":{"start":{"line":69,"column":8},"end":{"line":71,"column":10}},"28":{"start":{"line":69,"column":53},"end":{"line":69,"column":57}},"29":{"start":{"line":70,"column":12},"end":{"line":70,"column":47}},"30":{"start":{"line":74,"column":0},"end":{"line":74,"column":76}}},"fnMap":{"0":{"name":"mw_for","decl":{"start":{"line":11,"column":9},"end":{"line":11,"column":15}},"loc":{"start":{"line":11,"column":33},"end":{"line":21,"column":1}},"line":11},"1":{"name":"(anonymous_1)","decl":{"start":{"line":12,"column":11},"end":{"line":12,"column":12}},"loc":{"start":{"line":12,"column":20},"end":{"line":20,"column":5}},"line":12},"2":{"name":"(anonymous_2)","decl":{"start":{"line":12,"column":20},"end":{"line":12,"column":21}},"loc":{"start":{"line":12,"column":28},"end":{"line":20,"column":5}},"line":12},"3":{"name":"(anonymous_3)","decl":{"start":{"line":12,"column":28},"end":{"line":12,"column":29}},"loc":{"start":{"line":12,"column":38},"end":{"line":20,"column":5}},"line":12},"4":{"name":"(anonymous_4)","decl":{"start":{"line":29,"column":4},"end":{"line":29,"column":5}},"loc":{"start":{"line":29,"column":30},"end":{"line":38,"column":1}},"line":29},"5":{"name":"(anonymous_5)","decl":{"start":{"line":29,"column":30},"end":{"line":29,"column":31}},"loc":{"start":{"line":29,"column":38},"end":{"line":38,"column":1}},"line":29},"6":{"name":"(anonymous_6)","decl":{"start":{"line":29,"column":38},"end":{"line":29,"column":39}},"loc":{"start":{"line":29,"column":48},"end":{"line":38,"column":1}},"line":29},"7":{"name":"(anonymous_7)","decl":{"start":{"line":50,"column":4},"end":{"line":50,"column":5}},"loc":{"start":{"line":50,"column":30},"end":{"line":63,"column":1}},"line":50},"8":{"name":"(anonymous_8)","decl":{"start":{"line":50,"column":30},"end":{"line":50,"column":31}},"loc":{"start":{"line":50,"column":38},"end":{"line":63,"column":1}},"line":50},"9":{"name":"(anonymous_9)","decl":{"start":{"line":50,"column":38},"end":{"line":50,"column":39}},"loc":{"start":{"line":50,"column":48},"end":{"line":63,"column":1}},"line":50},"10":{"name":"(anonymous_10)","decl":{"start":{"line":67,"column":4},"end":{"line":67,"column":5}},"loc":{"start":{"line":67,"column":32},"end":{"line":72,"column":1}},"line":67},"11":{"name":"(anonymous_11)","decl":{"start":{"line":67,"column":32},"end":{"line":67,"column":33}},"loc":{"start":{"line":67,"column":40},"end":{"line":72,"column":1}},"line":67},"12":{"name":"(anonymous_12)","decl":{"start":{"line":67,"column":40},"end":{"line":67,"column":41}},"loc":{"start":{"line":67,"column":50},"end":{"line":72,"column":1}},"line":67},"13":{"name":"(anonymous_13)","decl":{"start":{"line":69,"column":48},"end":{"line":69,"column":49}},"loc":{"start":{"line":69,"column":53},"end":{"line":69,"column":57}},"line":69},"14":{"name":"(anonymous_14)","decl":{"start":{"line":69,"column":69},"end":{"line":69,"column":70}},"loc":{"start":{"line":70,"column":12},"end":{"line":70,"column":47}},"line":70}},"branchMap":{"0":{"loc":{"start":{"line":15,"column":8},"end":{"line":17,"column":9}},"type":"if","locations":[{"start":{"line":15,"column":8},"end":{"line":17,"column":9}},{"start":{"line":15,"column":8},"end":{"line":17,"column":9}}],"line":15},"1":{"loc":{"start":{"line":54,"column":4},"end":{"line":58,"column":5}},"type":"if","locations":[{"start":{"line":54,"column":4},"end":{"line":58,"column":5}},{"start":{"line":54,"column":4},"end":{"line":58,"column":5}}],"line":54},"2":{"loc":{"start":{"line":54,"column":9},"end":{"line":56,"column":55}},"type":"binary-expr","locations":[{"start":{"line":54,"column":9},"end":{"line":54,"column":22}},{"start":{"line":55,"column":12},"end":{"line":55,"column":51}},{"start":{"line":56,"column":15},"end":{"line":56,"column":53}}],"line":54}},"s":{"0":1,"1":3,"2":3,"3":3,"4":0,"5":0,"6":0,"7":0,"8":1,"9":1,"10":0,"11":0,"12":0,"13":0,"14":1,"15":0,"16":0,"17":0,"18":0,"19":0,"20":0,"21":0,"22":0,"23":1,"24":0,"25":0,"26":0,"27":0,"28":0,"29":0,"30":1},"f":{"0":3,"1":3,"2":3,"3":0,"4":0,"5":0,"6":0,"7":0,"8":0,"9":0,"10":0,"11":0,"12":0,"13":0,"14":0},"b":{"0":[0,0],"1":[0,0],"2":[0,0,0]},"_coverageSchema":"332fd63041d2c1bcb487cc26dd0d5f7d97098a6c","hash":"ba921118082deb4466aef66cb868b307eb7d1ba5"}
,"/home/yanick/work/aotds/battle/src/middlewares/selectors.js": {"path":"/home/yanick/work/aotds/battle/src/middlewares/selectors.js","statementMap":{"0":{"start":{"line":4,"column":14},"end":{"line":4,"column":51}},"1":{"start":{"line":6,"column":32},"end":{"line":6,"column":80}},"2":{"start":{"line":6,"column":49},"end":{"line":6,"column":80}},"3":{"start":{"line":9,"column":4},"end":{"line":9,"column":69}},"4":{"start":{"line":13,"column":18},"end":{"line":13,"column":52}},"5":{"start":{"line":15,"column":24},"end":{"line":15,"column":47}},"6":{"start":{"line":16,"column":24},"end":{"line":16,"column":60}},"7":{"start":{"line":18,"column":24},"end":{"line":18,"column":65}},"8":{"start":{"line":20,"column":28},"end":{"line":20,"column":62}},"9":{"start":{"line":22,"column":29},"end":{"line":22,"column":79}},"10":{"start":{"line":22,"column":44},"end":{"line":22,"column":78}},"11":{"start":{"line":24,"column":4},"end":{"line":26,"column":6}}},"fnMap":{"0":{"name":"(anonymous_0)","decl":{"start":{"line":6,"column":32},"end":{"line":6,"column":33}},"loc":{"start":{"line":6,"column":49},"end":{"line":6,"column":80}},"line":6},"1":{"name":"active_players","decl":{"start":{"line":8,"column":16},"end":{"line":8,"column":30}},"loc":{"start":{"line":8,"column":38},"end":{"line":10,"column":1}},"line":8},"2":{"name":"players_not_done","decl":{"start":{"line":12,"column":16},"end":{"line":12,"column":32}},"loc":{"start":{"line":12,"column":42},"end":{"line":28,"column":1}},"line":12},"3":{"name":"(anonymous_3)","decl":{"start":{"line":22,"column":40},"end":{"line":22,"column":41}},"loc":{"start":{"line":22,"column":44},"end":{"line":22,"column":78}},"line":22}},"branchMap":{},"s":{"0":1,"1":1,"2":0,"3":0,"4":0,"5":0,"6":0,"7":0,"8":0,"9":0,"10":0,"11":0},"f":{"0":0,"1":0,"2":0,"3":0},"b":{},"_coverageSchema":"332fd63041d2c1bcb487cc26dd0d5f7d97098a6c","hash":"3de7a62e856a6ce5d38b07ba251bfa43a16a63a4"}
,"/home/yanick/work/aotds/battle/src/movement/index.js": {"path":"/home/yanick/work/aotds/battle/src/movement/index.js","statementMap":{"0":{"start":{"line":4,"column":14},"end":{"line":4,"column":48}},"1":{"start":{"line":6,"column":15},"end":{"line":6,"column":58}},"2":{"start":{"line":6,"column":27},"end":{"line":6,"column":58}},"3":{"start":{"line":6,"column":36},"end":{"line":6,"column":58}},"4":{"start":{"line":24,"column":21},"end":{"line":24,"column":36}},"5":{"start":{"line":26,"column":4},"end":{"line":28,"column":21}},"6":{"start":{"line":32,"column":33},"end":{"line":32,"column":39}},"7":{"start":{"line":34,"column":24},"end":{"line":34,"column":56}},"8":{"start":{"line":36,"column":23},"end":{"line":36,"column":36}},"9":{"start":{"line":38,"column":23},"end":{"line":40,"column":6}},"10":{"start":{"line":42,"column":23},"end":{"line":42,"column":67}},"11":{"start":{"line":42,"column":33},"end":{"line":42,"column":67}},"12":{"start":{"line":44,"column":4},"end":{"line":48,"column":5}},"13":{"start":{"line":45,"column":8},"end":{"line":45,"column":38}},"14":{"start":{"line":46,"column":8},"end":{"line":46,"column":66}},"15":{"start":{"line":46,"column":40},"end":{"line":46,"column":50}},"16":{"start":{"line":47,"column":8},"end":{"line":47,"column":31}},"17":{"start":{"line":50,"column":4},"end":{"line":54,"column":5}},"18":{"start":{"line":51,"column":18},"end":{"line":51,"column":67}},"19":{"start":{"line":52,"column":8},"end":{"line":52,"column":42}},"20":{"start":{"line":53,"column":8},"end":{"line":53,"column":29}},"21":{"start":{"line":56,"column":4},"end":{"line":62,"column":5}},"22":{"start":{"line":57,"column":18},"end":{"line":57,"column":67}},"23":{"start":{"line":58,"column":8},"end":{"line":58,"column":42}},"24":{"start":{"line":59,"column":8},"end":{"line":59,"column":29}},"25":{"start":{"line":61,"column":8},"end":{"line":61,"column":48}},"26":{"start":{"line":65,"column":4},"end":{"line":76,"column":5}},"27":{"start":{"line":66,"column":21},"end":{"line":66,"column":51}},"28":{"start":{"line":67,"column":8},"end":{"line":67,"column":21}},"29":{"start":{"line":68,"column":21},"end":{"line":68,"column":36}},"30":{"start":{"line":70,"column":8},"end":{"line":72,"column":11}},"31":{"start":{"line":71,"column":16},"end":{"line":71,"column":80}},"32":{"start":{"line":75,"column":8},"end":{"line":75,"column":68}},"33":{"start":{"line":78,"column":4},"end":{"line":80,"column":21}},"34":{"start":{"line":82,"column":4},"end":{"line":82,"column":26}},"35":{"start":{"line":87,"column":16},"end":{"line":87,"column":52}},"36":{"start":{"line":88,"column":16},"end":{"line":88,"column":75}},"37":{"start":{"line":88,"column":63},"end":{"line":88,"column":73}},"38":{"start":{"line":90,"column":17},"end":{"line":90,"column":63}},"39":{"start":{"line":92,"column":4},"end":{"line":95,"column":19}},"40":{"start":{"line":100,"column":16},"end":{"line":100,"column":54}},"41":{"start":{"line":101,"column":16},"end":{"line":101,"column":79}},"42":{"start":{"line":101,"column":65},"end":{"line":101,"column":77}},"43":{"start":{"line":103,"column":17},"end":{"line":103,"column":61}},"44":{"start":{"line":105,"column":4},"end":{"line":108,"column":17}},"45":{"start":{"line":112,"column":4},"end":{"line":114,"column":5}},"46":{"start":{"line":113,"column":8},"end":{"line":113,"column":22}},"47":{"start":{"line":115,"column":4},"end":{"line":115,"column":24}},"48":{"start":{"line":120,"column":18},"end":{"line":120,"column":62}},"49":{"start":{"line":122,"column":4},"end":{"line":127,"column":19}},"50":{"start":{"line":131,"column":19},"end":{"line":131,"column":48}},"51":{"start":{"line":132,"column":4},"end":{"line":132,"column":49}}},"fnMap":{"0":{"name":"(anonymous_0)","decl":{"start":{"line":6,"column":15},"end":{"line":6,"column":16}},"loc":{"start":{"line":6,"column":27},"end":{"line":6,"column":58}},"line":6},"1":{"name":"(anonymous_1)","decl":{"start":{"line":6,"column":27},"end":{"line":6,"column":28}},"loc":{"start":{"line":6,"column":36},"end":{"line":6,"column":58}},"line":6},"2":{"name":"plot_movement","decl":{"start":{"line":23,"column":16},"end":{"line":23,"column":29}},"loc":{"start":{"line":23,"column":51},"end":{"line":83,"column":1}},"line":23},"3":{"name":"(anonymous_3)","decl":{"start":{"line":42,"column":23},"end":{"line":42,"column":24}},"loc":{"start":{"line":42,"column":33},"end":{"line":42,"column":67}},"line":42},"4":{"name":"(anonymous_4)","decl":{"start":{"line":46,"column":35},"end":{"line":46,"column":36}},"loc":{"start":{"line":46,"column":40},"end":{"line":46,"column":50}},"line":46},"5":{"name":"(anonymous_5)","decl":{"start":{"line":70,"column":36},"end":{"line":70,"column":37}},"loc":{"start":{"line":70,"column":41},"end":{"line":72,"column":9}},"line":70},"6":{"name":"move_thrust","decl":{"start":{"line":86,"column":9},"end":{"line":86,"column":20}},"loc":{"start":{"line":86,"column":43},"end":{"line":96,"column":1}},"line":86},"7":{"name":"(anonymous_7)","decl":{"start":{"line":88,"column":58},"end":{"line":88,"column":59}},"loc":{"start":{"line":88,"column":63},"end":{"line":88,"column":73}},"line":88},"8":{"name":"move_bank","decl":{"start":{"line":99,"column":9},"end":{"line":99,"column":18}},"loc":{"start":{"line":99,"column":41},"end":{"line":109,"column":1}},"line":99},"9":{"name":"(anonymous_9)","decl":{"start":{"line":101,"column":58},"end":{"line":101,"column":59}},"loc":{"start":{"line":101,"column":65},"end":{"line":101,"column":77}},"line":101},"10":{"name":"canonicalHeading","decl":{"start":{"line":111,"column":9},"end":{"line":111,"column":25}},"loc":{"start":{"line":111,"column":35},"end":{"line":116,"column":1}},"line":111},"11":{"name":"move_rotate","decl":{"start":{"line":119,"column":9},"end":{"line":119,"column":20}},"loc":{"start":{"line":119,"column":42},"end":{"line":128,"column":1}},"line":119},"12":{"name":"two_steps","decl":{"start":{"line":130,"column":9},"end":{"line":130,"column":18}},"loc":{"start":{"line":130,"column":24},"end":{"line":133,"column":1}},"line":130}},"branchMap":{"0":{"loc":{"start":{"line":23,"column":37},"end":{"line":23,"column":48}},"type":"default-arg","locations":[{"start":{"line":23,"column":46},"end":{"line":23,"column":48}}],"line":23},"1":{"loc":{"start":{"line":44,"column":4},"end":{"line":48,"column":5}},"type":"if","locations":[{"start":{"line":44,"column":4},"end":{"line":48,"column":5}},{"start":{"line":44,"column":4},"end":{"line":48,"column":5}}],"line":44},"2":{"loc":{"start":{"line":50,"column":4},"end":{"line":54,"column":5}},"type":"if","locations":[{"start":{"line":50,"column":4},"end":{"line":54,"column":5}},{"start":{"line":50,"column":4},"end":{"line":54,"column":5}}],"line":50},"3":{"loc":{"start":{"line":56,"column":4},"end":{"line":62,"column":5}},"type":"if","locations":[{"start":{"line":56,"column":4},"end":{"line":62,"column":5}},{"start":{"line":56,"column":4},"end":{"line":62,"column":5}}],"line":56},"4":{"loc":{"start":{"line":65,"column":4},"end":{"line":76,"column":5}},"type":"if","locations":[{"start":{"line":65,"column":4},"end":{"line":76,"column":5}},{"start":{"line":65,"column":4},"end":{"line":76,"column":5}}],"line":65},"5":{"loc":{"start":{"line":132,"column":11},"end":{"line":132,"column":48}},"type":"cond-expr","locations":[{"start":{"line":132,"column":19},"end":{"line":132,"column":37}},{"start":{"line":132,"column":40},"end":{"line":132,"column":48}}],"line":132}},"s":{"0":1,"1":1,"2":0,"3":0,"4":0,"5":0,"6":0,"7":0,"8":0,"9":0,"10":0,"11":0,"12":0,"13":0,"14":0,"15":0,"16":0,"17":0,"18":0,"19":0,"20":0,"21":0,"22":0,"23":0,"24":0,"25":0,"26":0,"27":0,"28":0,"29":0,"30":0,"31":0,"32":0,"33":0,"34":0,"35":0,"36":0,"37":0,"38":0,"39":0,"40":0,"41":0,"42":0,"43":0,"44":0,"45":0,"46":0,"47":0,"48":0,"49":0,"50":0,"51":0},"f":{"0":0,"1":0,"2":0,"3":0,"4":0,"5":0,"6":0,"7":0,"8":0,"9":0,"10":0,"11":0,"12":0},"b":{"0":[0],"1":[0,0],"2":[0,0],"3":[0,0],"4":[0,0],"5":[0,0]},"_coverageSchema":"332fd63041d2c1bcb487cc26dd0d5f7d97098a6c","hash":"c00e8931c57541f9e4048806417b2f7c3b3b4759"}
,"/home/yanick/work/aotds/battle/src/reducer/game.js": {"path":"/home/yanick/work/aotds/battle/src/reducer/game.js","statementMap":{"0":{"start":{"line":5,"column":14},"end":{"line":5,"column":52}},"1":{"start":{"line":7,"column":14},"end":{"line":7,"column":16}},"2":{"start":{"line":9,"column":0},"end":{"line":10,"column":44}},"3":{"start":{"line":10,"column":4},"end":{"line":10,"column":43}},"4":{"start":{"line":12,"column":0},"end":{"line":12,"column":48}},"5":{"start":{"line":12,"column":25},"end":{"line":12,"column":47}},"6":{"start":{"line":12,"column":41},"end":{"line":12,"column":44}},"7":{"start":{"line":15,"column":4},"end":{"line":18,"column":5}},"8":{"start":{"line":16,"column":18},"end":{"line":16,"column":41}},"9":{"start":{"line":17,"column":8},"end":{"line":17,"column":48}},"10":{"start":{"line":21,"column":23},"end":{"line":23,"column":1}}},"fnMap":{"0":{"name":"(anonymous_0)","decl":{"start":{"line":9,"column":19},"end":{"line":9,"column":20}},"loc":{"start":{"line":10,"column":4},"end":{"line":10,"column":43}},"line":10},"1":{"name":"(anonymous_1)","decl":{"start":{"line":12,"column":19},"end":{"line":12,"column":20}},"loc":{"start":{"line":12,"column":25},"end":{"line":12,"column":47}},"line":12},"2":{"name":"(anonymous_2)","decl":{"start":{"line":12,"column":36},"end":{"line":12,"column":37}},"loc":{"start":{"line":12,"column":41},"end":{"line":12,"column":44}},"line":12},"3":{"name":"redactor","decl":{"start":{"line":14,"column":9},"end":{"line":14,"column":17}},"loc":{"start":{"line":14,"column":52},"end":{"line":19,"column":1}},"line":14},"4":{"name":"(anonymous_4)","decl":{"start":{"line":15,"column":11},"end":{"line":15,"column":12}},"loc":{"start":{"line":15,"column":53},"end":{"line":18,"column":5}},"line":15}},"branchMap":{"0":{"loc":{"start":{"line":14,"column":31},"end":{"line":14,"column":49}},"type":"default-arg","locations":[{"start":{"line":14,"column":47},"end":{"line":14,"column":49}}],"line":14},"1":{"loc":{"start":{"line":15,"column":21},"end":{"line":15,"column":42}},"type":"default-arg","locations":[{"start":{"line":15,"column":29},"end":{"line":15,"column":42}}],"line":15},"2":{"loc":{"start":{"line":17,"column":15},"end":{"line":17,"column":47}},"type":"cond-expr","locations":[{"start":{"line":17,"column":21},"end":{"line":17,"column":39}},{"start":{"line":17,"column":42},"end":{"line":17,"column":47}}],"line":17}},"s":{"0":1,"1":1,"2":1,"3":0,"4":1,"5":0,"6":0,"7":1,"8":3,"9":3,"10":1},"f":{"0":0,"1":0,"2":0,"3":1,"4":3},"b":{"0":[0],"1":[3],"2":[0,3]},"_coverageSchema":"332fd63041d2c1bcb487cc26dd0d5f7d97098a6c","hash":"5fe07e79639c94aabd2432f53d14733a2aa645a9"}
,"/home/yanick/work/aotds/battle/src/reducer/index.js": {"path":"/home/yanick/work/aotds/battle/src/reducer/index.js","statementMap":{"0":{"start":{"line":7,"column":16},"end":{"line":11,"column":2}}},"fnMap":{},"branchMap":{},"s":{"0":1},"f":{},"b":{},"_coverageSchema":"332fd63041d2c1bcb487cc26dd0d5f7d97098a6c","hash":"2bb8ca0c08a29d69ef2f4cdcd6dbb55d82fef061"}
,"/home/yanick/work/aotds/battle/src/reducer/log.js": {"path":"/home/yanick/work/aotds/battle/src/reducer/log.js","statementMap":{"0":{"start":{"line":3,"column":25},"end":{"line":5,"column":1}},"1":{"start":{"line":8,"column":4},"end":{"line":8,"column":71}},"2":{"start":{"line":8,"column":37},"end":{"line":8,"column":53}},"3":{"start":{"line":8,"column":58},"end":{"line":8,"column":71}},"4":{"start":{"line":10,"column":4},"end":{"line":16,"column":5}},"5":{"start":{"line":12,"column":12},"end":{"line":12,"column":28}},"6":{"start":{"line":15,"column":12},"end":{"line":15,"column":42}}},"fnMap":{"0":{"name":"log_reducer","decl":{"start":{"line":7,"column":24},"end":{"line":7,"column":35}},"loc":{"start":{"line":7,"column":53},"end":{"line":18,"column":1}},"line":7},"1":{"name":"(anonymous_1)","decl":{"start":{"line":8,"column":32},"end":{"line":8,"column":33}},"loc":{"start":{"line":8,"column":37},"end":{"line":8,"column":53}},"line":8}},"branchMap":{"0":{"loc":{"start":{"line":7,"column":36},"end":{"line":7,"column":44}},"type":"default-arg","locations":[{"start":{"line":7,"column":42},"end":{"line":7,"column":44}}],"line":7},"1":{"loc":{"start":{"line":8,"column":4},"end":{"line":8,"column":71}},"type":"if","locations":[{"start":{"line":8,"column":4},"end":{"line":8,"column":71}},{"start":{"line":8,"column":4},"end":{"line":8,"column":71}}],"line":8},"2":{"loc":{"start":{"line":10,"column":4},"end":{"line":16,"column":5}},"type":"switch","locations":[{"start":{"line":11,"column":8},"end":{"line":12,"column":28}},{"start":{"line":14,"column":8},"end":{"line":15,"column":42}}],"line":10}},"s":{"0":1,"1":3,"2":3,"3":2,"4":1,"5":0,"6":1},"f":{"0":3,"1":3},"b":{"0":[3],"1":[2,1],"2":[0,1]},"_coverageSchema":"332fd63041d2c1bcb487cc26dd0d5f7d97098a6c","hash":"a4f00630d29d86907e14b3c0494579883652953f"}
,"/home/yanick/work/aotds/battle/src/reducer/object.js": {"path":"/home/yanick/work/aotds/battle/src/reducer/object.js","statementMap":{"0":{"start":{"line":4,"column":12},"end":{"line":4,"column":59}},"1":{"start":{"line":7,"column":4},"end":{"line":16,"column":5}},"2":{"start":{"line":9,"column":44},"end":{"line":9,"column":50}},"3":{"start":{"line":10,"column":12},"end":{"line":10,"column":74}},"4":{"start":{"line":13,"column":12},"end":{"line":13,"column":43}},"5":{"start":{"line":15,"column":17},"end":{"line":15,"column":30}}},"fnMap":{"0":{"name":"object","decl":{"start":{"line":6,"column":24},"end":{"line":6,"column":30}},"loc":{"start":{"line":6,"column":50},"end":{"line":18,"column":1}},"line":6}},"branchMap":{"0":{"loc":{"start":{"line":6,"column":31},"end":{"line":6,"column":39}},"type":"default-arg","locations":[{"start":{"line":6,"column":37},"end":{"line":6,"column":39}}],"line":6},"1":{"loc":{"start":{"line":7,"column":4},"end":{"line":16,"column":5}},"type":"switch","locations":[{"start":{"line":8,"column":8},"end":{"line":10,"column":74}},{"start":{"line":12,"column":8},"end":{"line":13,"column":43}},{"start":{"line":15,"column":8},"end":{"line":15,"column":30}}],"line":7}},"s":{"0":1,"1":0,"2":0,"3":0,"4":0,"5":0},"f":{"0":0},"b":{"0":[0],"1":[0,0,0]},"_coverageSchema":"332fd63041d2c1bcb487cc26dd0d5f7d97098a6c","hash":"0266ef248374f032262d8408ee05addddc3dd154"}
,"/home/yanick/work/aotds/battle/src/reducer/objects.js": {"path":"/home/yanick/work/aotds/battle/src/reducer/objects.js","statementMap":{"0":{"start":{"line":6,"column":12},"end":{"line":6,"column":42}},"1":{"start":{"line":9,"column":4},"end":{"line":29,"column":5}},"2":{"start":{"line":11,"column":12},"end":{"line":11,"column":34}},"3":{"start":{"line":14,"column":12},"end":{"line":19,"column":14}},"4":{"start":{"line":22,"column":12},"end":{"line":22,"column":69}},"5":{"start":{"line":22,"column":37},"end":{"line":22,"column":66}},"6":{"start":{"line":25,"column":12},"end":{"line":25,"column":69}},"7":{"start":{"line":25,"column":37},"end":{"line":25,"column":66}},"8":{"start":{"line":28,"column":17},"end":{"line":28,"column":30}}},"fnMap":{"0":{"name":"objects","decl":{"start":{"line":8,"column":24},"end":{"line":8,"column":31}},"loc":{"start":{"line":8,"column":49},"end":{"line":31,"column":1}},"line":8},"1":{"name":"(anonymous_1)","decl":{"start":{"line":22,"column":30},"end":{"line":22,"column":31}},"loc":{"start":{"line":22,"column":37},"end":{"line":22,"column":66}},"line":22},"2":{"name":"(anonymous_2)","decl":{"start":{"line":25,"column":30},"end":{"line":25,"column":31}},"loc":{"start":{"line":25,"column":37},"end":{"line":25,"column":66}},"line":25}},"branchMap":{"0":{"loc":{"start":{"line":8,"column":32},"end":{"line":8,"column":40}},"type":"default-arg","locations":[{"start":{"line":8,"column":38},"end":{"line":8,"column":40}}],"line":8},"1":{"loc":{"start":{"line":9,"column":4},"end":{"line":29,"column":5}},"type":"switch","locations":[{"start":{"line":10,"column":8},"end":{"line":11,"column":34}},{"start":{"line":13,"column":8},"end":{"line":19,"column":14}},{"start":{"line":21,"column":8},"end":{"line":22,"column":69}},{"start":{"line":24,"column":8},"end":{"line":25,"column":69}},{"start":{"line":28,"column":8},"end":{"line":28,"column":30}}],"line":9}},"s":{"0":1,"1":3,"2":0,"3":0,"4":0,"5":0,"6":0,"7":0,"8":3},"f":{"0":3,"1":0,"2":0},"b":{"0":[2],"1":[0,0,0,0,3]},"_coverageSchema":"332fd63041d2c1bcb487cc26dd0d5f7d97098a6c","hash":"41b16985a95b116440c9b9af35837f0b126ff8ad"}
,"/home/yanick/work/aotds/battle/src/schemas/game_turn.js": {"path":"/home/yanick/work/aotds/battle/src/schemas/game_turn.js","statementMap":{"0":{"start":{"line":3,"column":14},"end":{"line":3,"column":46}},"1":{"start":{"line":5,"column":15},"end":{"line":23,"column":6}}},"fnMap":{},"branchMap":{},"s":{"0":1,"1":1},"f":{},"b":{},"_coverageSchema":"332fd63041d2c1bcb487cc26dd0d5f7d97098a6c","hash":"f8f48fc5717f8715088674b5f8b15007dfda8058"}
,"/home/yanick/work/aotds/battle/src/schemas/ship.js": {"path":"/home/yanick/work/aotds/battle/src/schemas/ship.js","statementMap":{"0":{"start":{"line":9,"column":18},"end":{"line":9,"column":20}},"1":{"start":{"line":11,"column":13},"end":{"line":13,"column":1}},"2":{"start":{"line":15,"column":17},"end":{"line":18,"column":3}},"3":{"start":{"line":20,"column":16},"end":{"line":24,"column":3}},"4":{"start":{"line":26,"column":23},"end":{"line":26,"column":42}},"5":{"start":{"line":28,"column":13},"end":{"line":31,"column":3}},"6":{"start":{"line":33,"column":23},"end":{"line":37,"column":1}},"7":{"start":{"line":39,"column":17},"end":{"line":46,"column":1}},"8":{"start":{"line":58,"column":19},"end":{"line":61,"column":1}},"9":{"start":{"line":63,"column":19},"end":{"line":69,"column":2}},"10":{"start":{"line":71,"column":15},"end":{"line":78,"column":31}},"11":{"start":{"line":80,"column":21},"end":{"line":80,"column":64}},"12":{"start":{"line":82,"column":13},"end":{"line":85,"column":1}},"13":{"start":{"line":87,"column":16},"end":{"line":91,"column":3}},"14":{"start":{"line":93,"column":15},"end":{"line":97,"column":3}},"15":{"start":{"line":99,"column":18},"end":{"line":103,"column":3}}},"fnMap":{},"branchMap":{},"s":{"0":1,"1":1,"2":1,"3":1,"4":1,"5":1,"6":1,"7":1,"8":1,"9":1,"10":1,"11":1,"12":1,"13":1,"14":1,"15":1},"f":{},"b":{},"_coverageSchema":"332fd63041d2c1bcb487cc26dd0d5f7d97098a6c","hash":"5a14646e35a12cd7ae0d9f376397050edb53f438"}
}
