TN:
SF:/home/yanick/work/aotds/battle/src/actions.js
FN:14,(anonymous_0)
FN:39,(anonymous_1)
FN:42,(anonymous_2)
FN:47,(anonymous_3)
FNF:4
FNH:0
FNDA:0,(anonymous_0)
FNDA:0,(anonymous_1)
FNDA:0,(anonymous_2)
FNDA:0,(anonymous_3)
DA:4,1
DA:6,1
DA:13,1
DA:14,0
DA:37,1
DA:38,1
DA:39,1
DA:42,1
DA:47,1
DA:48,1
DA:49,1
LF:11
LH:10
BRDA:47,0,0,0
BRF:1
BRH:0
end_of_record
TN:
SF:/home/yanick/work/aotds/battle/src/index.js
FN:19,(anonymous_0)
FN:27,(anonymous_1)
FN:36,(anonymous_2)
FN:38,(anonymous_3)
FN:42,(anonymous_4)
FN:46,(anonymous_5)
FN:50,(anonymous_6)
FNF:7
FNH:1
FNDA:1,(anonymous_0)
FNDA:0,(anonymous_1)
FNDA:0,(anonymous_2)
FNDA:0,(anonymous_3)
FNDA:0,(anonymous_4)
FNDA:0,(anonymous_5)
FNDA:0,(anonymous_6)
DA:13,1
DA:15,1
DA:21,1
DA:27,1
DA:28,0
DA:36,0
DA:39,0
DA:43,0
DA:47,0
DA:51,0
LF:10
LH:4
BRDA:19,0,0,0
BRDA:50,1,0,0
BRF:2
BRH:0
end_of_record
TN:
SF:/home/yanick/work/aotds/battle/src/schemas.js
FN:7,(anonymous_0)
FN:15,(anonymous_1)
FN:24,(anonymous_2)
FN:25,(anonymous_3)
FN:38,(anonymous_4)
FN:45,(anonymous_5)
FN:64,(anonymous_6)
FN:77,(anonymous_7)
FN:88,(anonymous_8)
FN:88,(anonymous_9)
FN:100,(anonymous_10)
FNF:11
FNH:1
FNDA:0,(anonymous_0)
FNDA:1,(anonymous_1)
FNDA:0,(anonymous_2)
FNDA:0,(anonymous_3)
FNDA:0,(anonymous_4)
FNDA:0,(anonymous_5)
FNDA:0,(anonymous_6)
FNDA:0,(anonymous_7)
FNDA:0,(anonymous_8)
FNDA:0,(anonymous_9)
FNDA:0,(anonymous_10)
DA:1,1
DA:2,1
DA:8,0
DA:9,0
DA:10,0
DA:16,1
DA:22,1
DA:24,1
DA:25,0
DA:27,1
DA:28,1
DA:30,1
DA:33,1
DA:39,0
DA:40,0
DA:41,0
DA:42,0
DA:46,0
DA:47,0
DA:49,0
DA:52,0
DA:53,0
DA:57,0
DA:61,0
DA:63,0
DA:64,0
DA:65,0
DA:69,0
DA:73,0
DA:78,0
DA:80,0
DA:81,0
DA:84,0
DA:85,0
DA:86,0
DA:88,0
DA:89,0
DA:90,0
DA:95,0
DA:97,0
DA:98,0
DA:100,0
DA:103,0
LF:43
LH:9
BRDA:15,0,0,1
BRDA:49,1,0,0
BRDA:49,1,1,0
BRDA:52,2,0,0
BRDA:52,2,1,0
BRDA:63,3,0,0
BRDA:63,3,1,0
BRDA:80,4,0,0
BRDA:80,4,1,0
BRDA:89,5,0,0
BRDA:89,5,1,0
BRDA:97,6,0,0
BRDA:97,6,1,0
BRF:13
BRH:1
end_of_record
TN:
SF:/home/yanick/work/aotds/battle/src/middlewares/index.js
FN:11,mw_for
FN:12,(anonymous_1)
FN:12,(anonymous_2)
FN:12,(anonymous_3)
FN:29,(anonymous_4)
FN:29,(anonymous_5)
FN:29,(anonymous_6)
FN:50,(anonymous_7)
FN:50,(anonymous_8)
FN:50,(anonymous_9)
FN:67,(anonymous_10)
FN:67,(anonymous_11)
FN:67,(anonymous_12)
FN:69,(anonymous_13)
FN:69,(anonymous_14)
FNF:15
FNH:3
FNDA:3,mw_for
FNDA:3,(anonymous_1)
FNDA:3,(anonymous_2)
FNDA:0,(anonymous_3)
FNDA:0,(anonymous_4)
FNDA:0,(anonymous_5)
FNDA:0,(anonymous_6)
FNDA:0,(anonymous_7)
FNDA:0,(anonymous_8)
FNDA:0,(anonymous_9)
FNDA:0,(anonymous_10)
FNDA:0,(anonymous_11)
FNDA:0,(anonymous_12)
FNDA:0,(anonymous_13)
FNDA:0,(anonymous_14)
DA:4,1
DA:12,3
DA:13,0
DA:15,0
DA:16,0
DA:19,0
DA:25,1
DA:28,1
DA:29,0
DA:31,0
DA:33,0
DA:49,1
DA:50,0
DA:52,0
DA:54,0
DA:57,0
DA:60,0
DA:61,0
DA:62,0
DA:66,1
DA:67,0
DA:68,0
DA:69,0
DA:70,0
DA:74,1
LF:25
LH:7
BRDA:15,0,0,0
BRDA:15,0,1,0
BRDA:54,1,0,0
BRDA:54,1,1,0
BRDA:54,2,0,0
BRDA:54,2,1,0
BRDA:54,2,2,0
BRF:7
BRH:0
end_of_record
TN:
SF:/home/yanick/work/aotds/battle/src/middlewares/selectors.js
FN:6,(anonymous_0)
FN:8,active_players
FN:12,players_not_done
FN:22,(anonymous_3)
FNF:4
FNH:0
FNDA:0,(anonymous_0)
FNDA:0,active_players
FNDA:0,players_not_done
FNDA:0,(anonymous_3)
DA:4,1
DA:6,1
DA:9,0
DA:13,0
DA:15,0
DA:16,0
DA:18,0
DA:20,0
DA:22,0
DA:24,0
LF:10
LH:2
BRF:0
BRH:0
end_of_record
TN:
SF:/home/yanick/work/aotds/battle/src/movement/index.js
FN:6,(anonymous_0)
FN:6,(anonymous_1)
FN:23,plot_movement
FN:42,(anonymous_3)
FN:46,(anonymous_4)
FN:70,(anonymous_5)
FN:86,move_thrust
FN:88,(anonymous_7)
FN:99,move_bank
FN:101,(anonymous_9)
FN:111,canonicalHeading
FN:119,move_rotate
FN:130,two_steps
FNF:13
FNH:0
FNDA:0,(anonymous_0)
FNDA:0,(anonymous_1)
FNDA:0,plot_movement
FNDA:0,(anonymous_3)
FNDA:0,(anonymous_4)
FNDA:0,(anonymous_5)
FNDA:0,move_thrust
FNDA:0,(anonymous_7)
FNDA:0,move_bank
FNDA:0,(anonymous_9)
FNDA:0,canonicalHeading
FNDA:0,move_rotate
FNDA:0,two_steps
DA:4,1
DA:6,1
DA:24,0
DA:26,0
DA:32,0
DA:34,0
DA:36,0
DA:38,0
DA:42,0
DA:44,0
DA:45,0
DA:46,0
DA:47,0
DA:50,0
DA:51,0
DA:52,0
DA:53,0
DA:56,0
DA:57,0
DA:58,0
DA:59,0
DA:61,0
DA:65,0
DA:66,0
DA:67,0
DA:68,0
DA:70,0
DA:71,0
DA:75,0
DA:78,0
DA:82,0
DA:87,0
DA:88,0
DA:90,0
DA:92,0
DA:100,0
DA:101,0
DA:103,0
DA:105,0
DA:112,0
DA:113,0
DA:115,0
DA:120,0
DA:122,0
DA:131,0
DA:132,0
LF:46
LH:2
BRDA:23,0,0,0
BRDA:44,1,0,0
BRDA:44,1,1,0
BRDA:50,2,0,0
BRDA:50,2,1,0
BRDA:56,3,0,0
BRDA:56,3,1,0
BRDA:65,4,0,0
BRDA:65,4,1,0
BRDA:132,5,0,0
BRDA:132,5,1,0
BRF:11
BRH:0
end_of_record
TN:
SF:/home/yanick/work/aotds/battle/src/reducer/game.js
FN:9,(anonymous_0)
FN:12,(anonymous_1)
FN:12,(anonymous_2)
FN:14,redactor
FN:15,(anonymous_4)
FNF:5
FNH:2
FNDA:0,(anonymous_0)
FNDA:0,(anonymous_1)
FNDA:0,(anonymous_2)
FNDA:1,redactor
FNDA:3,(anonymous_4)
DA:5,1
DA:7,1
DA:9,1
DA:10,0
DA:12,1
DA:15,1
DA:16,3
DA:17,3
DA:21,1
LF:9
LH:8
BRDA:14,0,0,0
BRDA:15,1,0,3
BRDA:17,2,0,0
BRDA:17,2,1,3
BRF:4
BRH:2
end_of_record
TN:
SF:/home/yanick/work/aotds/battle/src/reducer/index.js
FNF:0
FNH:0
DA:7,1
LF:1
LH:1
BRF:0
BRH:0
end_of_record
TN:
SF:/home/yanick/work/aotds/battle/src/reducer/log.js
FN:7,log_reducer
FN:8,(anonymous_1)
FNF:2
FNH:2
FNDA:3,log_reducer
FNDA:3,(anonymous_1)
DA:3,1
DA:8,3
DA:10,1
DA:12,0
DA:15,1
LF:5
LH:4
BRDA:7,0,0,3
BRDA:8,1,0,2
BRDA:8,1,1,1
BRDA:10,2,0,0
BRDA:10,2,1,1
BRF:5
BRH:4
end_of_record
TN:
SF:/home/yanick/work/aotds/battle/src/reducer/object.js
FN:6,object
FNF:1
FNH:0
FNDA:0,object
DA:4,1
DA:7,0
DA:9,0
DA:10,0
DA:13,0
DA:15,0
LF:6
LH:1
BRDA:6,0,0,0
BRDA:7,1,0,0
BRDA:7,1,1,0
BRDA:7,1,2,0
BRF:4
BRH:0
end_of_record
TN:
SF:/home/yanick/work/aotds/battle/src/reducer/objects.js
FN:8,objects
FN:22,(anonymous_1)
FN:25,(anonymous_2)
FNF:3
FNH:1
FNDA:3,objects
FNDA:0,(anonymous_1)
FNDA:0,(anonymous_2)
DA:6,1
DA:9,3
DA:11,0
DA:14,0
DA:22,0
DA:25,0
DA:28,3
LF:7
LH:3
BRDA:8,0,0,2
BRDA:9,1,0,0
BRDA:9,1,1,0
BRDA:9,1,2,0
BRDA:9,1,3,0
BRDA:9,1,4,3
BRF:6
BRH:2
end_of_record
TN:
SF:/home/yanick/work/aotds/battle/src/schemas/game_turn.js
FNF:0
FNH:0
DA:3,1
DA:5,1
LF:2
LH:2
BRF:0
BRH:0
end_of_record
TN:
SF:/home/yanick/work/aotds/battle/src/schemas/ship.js
FNF:0
FNH:0
DA:9,1
DA:11,1
DA:15,1
DA:20,1
DA:26,1
DA:28,1
DA:33,1
DA:39,1
DA:58,1
DA:63,1
DA:71,1
DA:80,1
DA:82,1
DA:87,1
DA:93,1
DA:99,1
LF:16
LH:16
BRF:0
BRH:0
end_of_record
